<?xml version="1.0" ?><root>
<report><version>2</version><sessionid>4694047748cde7a95edba6fc</sessionid><type>desync</type><sku>ea.maxis.sims4.13.pc</sku><createtime>2020-06-06 22:24:25</createtime><buildsignature>Local.Unknown.Unknown.1.53.115.1020-1.200.000.400.Release</buildsignature><categoryid>constraints.py:5024</categoryid><desyncid>4694047748cde7a95edba6fc</desyncid><systemconfig/><screenshot/><desyncdata>Liability &lt;interactions.constraints.ObjectJigConstraint.JigConstraintLiability object at 0x735ADBB0&gt; threw exception 'NoneType' object has no attribute 'schedule_destroy_asap' (AttributeError: 'NoneType' object has no attribute 'schedule_destroy_asap')&#13;&#10;Traceback (most recent call last):&#13;&#10;  File "T:\InGame\Gameplay\Scripts\Core\sims4\utils.py", line 179, in wrapper&#13;&#10;  File "T:\InGame\Gameplay\Scripts\Server\areaserver.py", line 206, in c_api_server_tick&#13;&#10;  File "T:\InGame\Gameplay\Scripts\Server\zone.py", line 463, in update&#13;&#10;  File "T:\InGame\Gameplay\Scripts\Server\time_service.py", line 112, in update&#13;&#10;  File "T:\InGame\Gameplay\Scripts\Server\scheduling.py", line 217, in simulate&#13;&#10;  File "T:\InGame\Gameplay\Scripts\Server\elements.py", line 385, in _resume&#13;&#10;  File "T:\InGame\Gameplay\Scripts\Server\sims\sim.py", line 3626, in _process_interaction_gen&#13;&#10;  File "T:\InGame\Gameplay\Scripts\Server\interactions\interaction_queue.py", line 775, in process_one_interaction_gen&#13;&#10;  File "T:\InGame\Gameplay\Scripts\Server\interactions\si_state.py", line 935, in process_gen&#13;&#10;  File "T:\InGame\Gameplay\Scripts\Server\interactions\si_state.py", line 323, in remove_gen&#13;&#10;  File "T:\InGame\Gameplay\Scripts\Server\interactions\si_state.py", line 1134, in _remove_gen&#13;&#10;  File "T:\InGame\Gameplay\Scripts\Server\interactions\base\super_interaction.py", line 4876, in on_removed_from_si_state&#13;&#10;  File "T:\InGame\Gameplay\Scripts\Server\interactions\base\super_interaction.py", line 4888, in _exited_pipeline&#13;&#10;  File "T:\InGame\Gameplay\Scripts\Server\interactions\base\interaction.py", line 6653, in _exited_pipeline&#13;&#10;  File "T:\InGame\Gameplay\Scripts\Server\interactions\base\interaction.py", line 4750, in release_liabilities&#13;&#10;  File "T:\InGame\Gameplay\Scripts\Server\interactions\constraints.py", line 5021, in release&#13;&#10;  File "T:\InGame\Gameplay\Scripts\Server\interactions\liability.py", line 127, in release&#13;&#10;  File "T:\InGame\Gameplay\Scripts\Server\interactions\constraints.py", line 5024, in shared_release&#13;&#10;AttributeError: 'NoneType' object has no attribute 'schedule_destroy_asap'&#13;&#10;rtim=0</desyncdata></report>
<report><version>2</version><sessionid>4694047748cde7a95edba6fc</sessionid><type>desync</type><sku>ea.maxis.sims4.13.pc</sku><createtime>2020-06-06 22:24:26</createtime><buildsignature>Local.Unknown.Unknown.1.53.115.1020-1.200.000.400.Release</buildsignature><categoryid>constraints.py:5024</categoryid><desyncid>4694047748cde7a95edba6fc</desyncid><systemconfig/><screenshot/><desyncdata>Exception in Sim Timeline: Exception resuming Element (AttributeError: 'NoneType' object has no attribute 'schedule_destroy_asap')&#13;&#10;Traceback (most recent call last):&#13;&#10;  File "T:\InGame\Gameplay\Scripts\Server\scheduling.py", line 217, in simulate&#13;&#10;  File "T:\InGame\Gameplay\Scripts\Server\elements.py", line 385, in _resume&#13;&#10;  File "T:\InGame\Gameplay\Scripts\Server\sims\sim.py", line 3626, in _process_interaction_gen&#13;&#10;  File "T:\InGame\Gameplay\Scripts\Server\interactions\interaction_queue.py", line 775, in process_one_interaction_gen&#13;&#10;  File "T:\InGame\Gameplay\Scripts\Server\interactions\si_state.py", line 935, in process_gen&#13;&#10;  File "T:\InGame\Gameplay\Scripts\Server\interactions\si_state.py", line 323, in remove_gen&#13;&#10;  File "T:\InGame\Gameplay\Scripts\Server\interactions\si_state.py", line 1134, in _remove_gen&#13;&#10;  File "T:\InGame\Gameplay\Scripts\Server\interactions\base\super_interaction.py", line 4876, in on_removed_from_si_state&#13;&#10;  File "T:\InGame\Gameplay\Scripts\Server\interactions\base\super_interaction.py", line 4888, in _exited_pipeline&#13;&#10;  File "T:\InGame\Gameplay\Scripts\Server\interactions\base\interaction.py", line 6653, in _exited_pipeline&#13;&#10;  File "T:\InGame\Gameplay\Scripts\Server\interactions\base\interaction.py", line 4757, in release_liabilities&#13;&#10;  File "T:\InGame\Gameplay\Scripts\Server\interactions\base\interaction.py", line 4750, in release_liabilities&#13;&#10;  File "T:\InGame\Gameplay\Scripts\Server\interactions\constraints.py", line 5021, in release&#13;&#10;  File "T:\InGame\Gameplay\Scripts\Server\interactions\liability.py", line 127, in release&#13;&#10;  File "T:\InGame\Gameplay\Scripts\Server\interactions\constraints.py", line 5024, in shared_release&#13;&#10;AttributeError: 'NoneType' object has no attribute 'schedule_destroy_asap'&#13;&#10;rtim=0</desyncdata></report>
<report><version>2</version><sessionid>4694047748cde7a95edba6fc</sessionid><type>desync</type><sku>ea.maxis.sims4.13.pc</sku><createtime>2020-06-06 22:25:09</createtime><buildsignature>Local.Unknown.Unknown.1.53.115.1020-1.200.000.400.Release</buildsignature><categoryid>constraints.py:5024</categoryid><desyncid>4694047748cde7a95edba6fc</desyncid><systemconfig/><screenshot/><desyncdata>Liability &lt;interactions.constraints.ObjectJigConstraint.JigConstraintLiability object at 0x596DF990&gt; threw exception 'NoneType' object has no attribute 'schedule_destroy_asap' (AttributeError: 'NoneType' object has no attribute 'schedule_destroy_asap')&#13;&#10;Traceback (most recent call last):&#13;&#10;  File "T:\InGame\Gameplay\Scripts\Core\sims4\utils.py", line 179, in wrapper&#13;&#10;  File "T:\InGame\Gameplay\Scripts\Server\areaserver.py", line 206, in c_api_server_tick&#13;&#10;  File "T:\InGame\Gameplay\Scripts\Server\zone.py", line 463, in update&#13;&#10;  File "T:\InGame\Gameplay\Scripts\Server\time_service.py", line 112, in update&#13;&#10;  File "T:\InGame\Gameplay\Scripts\Server\scheduling.py", line 217, in simulate&#13;&#10;  File "T:\InGame\Gameplay\Scripts\Server\elements.py", line 385, in _resume&#13;&#10;  File "T:\InGame\Gameplay\Scripts\Server\sims\sim.py", line 3626, in _process_interaction_gen&#13;&#10;  File "T:\InGame\Gameplay\Scripts\Server\interactions\interaction_queue.py", line 775, in process_one_interaction_gen&#13;&#10;  File "T:\InGame\Gameplay\Scripts\Server\interactions\si_state.py", line 935, in process_gen&#13;&#10;  File "T:\InGame\Gameplay\Scripts\Server\interactions\si_state.py", line 323, in remove_gen&#13;&#10;  File "T:\InGame\Gameplay\Scripts\Server\interactions\si_state.py", line 1134, in _remove_gen&#13;&#10;  File "T:\InGame\Gameplay\Scripts\Server\interactions\base\super_interaction.py", line 4876, in on_removed_from_si_state&#13;&#10;  File "T:\InGame\Gameplay\Scripts\Server\interactions\base\super_interaction.py", line 4888, in _exited_pipeline&#13;&#10;  File "T:\InGame\Gameplay\Scripts\Server\interactions\base\interaction.py", line 6653, in _exited_pipeline&#13;&#10;  File "T:\InGame\Gameplay\Scripts\Server\interactions\base\interaction.py", line 4750, in release_liabilities&#13;&#10;  File "T:\InGame\Gameplay\Scripts\Server\interactions\constraints.py", line 5021, in release&#13;&#10;  File "T:\InGame\Gameplay\Scripts\Server\interactions\liability.py", line 127, in release&#13;&#10;  File "T:\InGame\Gameplay\Scripts\Server\interactions\constraints.py", line 5024, in shared_release&#13;&#10;AttributeError: 'NoneType' object has no attribute 'schedule_destroy_asap'&#13;&#10;rtim=0</desyncdata></report>
<report><version>2</version><sessionid>4694047748cde7a95edba6fc</sessionid><type>desync</type><sku>ea.maxis.sims4.13.pc</sku><createtime>2020-06-06 22:25:09</createtime><buildsignature>Local.Unknown.Unknown.1.53.115.1020-1.200.000.400.Release</buildsignature><categoryid>constraints.py:5024</categoryid><desyncid>4694047748cde7a95edba6fc</desyncid><systemconfig/><screenshot/><desyncdata>Exception in Sim Timeline: Exception resuming Element (AttributeError: 'NoneType' object has no attribute 'schedule_destroy_asap')&#13;&#10;Traceback (most recent call last):&#13;&#10;  File "T:\InGame\Gameplay\Scripts\Server\scheduling.py", line 217, in simulate&#13;&#10;  File "T:\InGame\Gameplay\Scripts\Server\elements.py", line 385, in _resume&#13;&#10;  File "T:\InGame\Gameplay\Scripts\Server\sims\sim.py", line 3626, in _process_interaction_gen&#13;&#10;  File "T:\InGame\Gameplay\Scripts\Server\interactions\interaction_queue.py", line 775, in process_one_interaction_gen&#13;&#10;  File "T:\InGame\Gameplay\Scripts\Server\interactions\si_state.py", line 935, in process_gen&#13;&#10;  File "T:\InGame\Gameplay\Scripts\Server\interactions\si_state.py", line 323, in remove_gen&#13;&#10;  File "T:\InGame\Gameplay\Scripts\Server\interactions\si_state.py", line 1134, in _remove_gen&#13;&#10;  File "T:\InGame\Gameplay\Scripts\Server\interactions\base\super_interaction.py", line 4876, in on_removed_from_si_state&#13;&#10;  File "T:\InGame\Gameplay\Scripts\Server\interactions\base\super_interaction.py", line 4888, in _exited_pipeline&#13;&#10;  File "T:\InGame\Gameplay\Scripts\Server\interactions\base\interaction.py", line 6653, in _exited_pipeline&#13;&#10;  File "T:\InGame\Gameplay\Scripts\Server\interactions\base\interaction.py", line 4757, in release_liabilities&#13;&#10;  File "T:\InGame\Gameplay\Scripts\Server\interactions\base\interaction.py", line 4750, in release_liabilities&#13;&#10;  File "T:\InGame\Gameplay\Scripts\Server\interactions\constraints.py", line 5021, in release&#13;&#10;  File "T:\InGame\Gameplay\Scripts\Server\interactions\liability.py", line 127, in release&#13;&#10;  File "T:\InGame\Gameplay\Scripts\Server\interactions\constraints.py", line 5024, in shared_release&#13;&#10;AttributeError: 'NoneType' object has no attribute 'schedule_destroy_asap'&#13;&#10;rtim=0</desyncdata></report>
<report><version>2</version><sessionid>4694047748cde7a95edba6fc</sessionid><type>desync</type><sku>ea.maxis.sims4.13.pc</sku><createtime>2020-06-06 22:26:16</createtime><buildsignature>Local.Unknown.Unknown.1.53.115.1020-1.200.000.400.Release</buildsignature><categoryid>constraints.py:5024</categoryid><desyncid>4694047748cde7a95edba6fc</desyncid><systemconfig/><screenshot/><desyncdata>Liability &lt;interactions.constraints.ObjectJigConstraint.JigConstraintLiability object at 0x594E9FF0&gt; threw exception 'NoneType' object has no attribute 'schedule_destroy_asap' (AttributeError: 'NoneType' object has no attribute 'schedule_destroy_asap')&#13;&#10;Traceback (most recent call last):&#13;&#10;  File "T:\InGame\Gameplay\Scripts\Core\sims4\utils.py", line 179, in wrapper&#13;&#10;  File "T:\InGame\Gameplay\Scripts\Server\areaserver.py", line 206, in c_api_server_tick&#13;&#10;  File "T:\InGame\Gameplay\Scripts\Server\zone.py", line 463, in update&#13;&#10;  File "T:\InGame\Gameplay\Scripts\Server\time_service.py", line 112, in update&#13;&#10;  File "T:\InGame\Gameplay\Scripts\Server\scheduling.py", line 217, in simulate&#13;&#10;  File "T:\InGame\Gameplay\Scripts\Server\elements.py", line 385, in _resume&#13;&#10;  File "T:\InGame\Gameplay\Scripts\Server\sims\sim.py", line 3626, in _process_interaction_gen&#13;&#10;  File "T:\InGame\Gameplay\Scripts\Server\interactions\interaction_queue.py", line 775, in process_one_interaction_gen&#13;&#10;  File "T:\InGame\Gameplay\Scripts\Server\interactions\si_state.py", line 935, in process_gen&#13;&#10;  File "T:\InGame\Gameplay\Scripts\Server\interactions\si_state.py", line 323, in remove_gen&#13;&#10;  File "T:\InGame\Gameplay\Scripts\Server\interactions\si_state.py", line 1134, in _remove_gen&#13;&#10;  File "T:\InGame\Gameplay\Scripts\Server\interactions\base\super_interaction.py", line 4876, in on_removed_from_si_state&#13;&#10;  File "T:\InGame\Gameplay\Scripts\Server\interactions\base\super_interaction.py", line 4888, in _exited_pipeline&#13;&#10;  File "T:\InGame\Gameplay\Scripts\Server\interactions\base\interaction.py", line 6653, in _exited_pipeline&#13;&#10;  File "T:\InGame\Gameplay\Scripts\Server\interactions\base\interaction.py", line 4750, in release_liabilities&#13;&#10;  File "T:\InGame\Gameplay\Scripts\Server\interactions\constraints.py", line 5021, in release&#13;&#10;  File "T:\InGame\Gameplay\Scripts\Server\interactions\liability.py", line 127, in release&#13;&#10;  File "T:\InGame\Gameplay\Scripts\Server\interactions\constraints.py", line 5024, in shared_release&#13;&#10;AttributeError: 'NoneType' object has no attribute 'schedule_destroy_asap'&#13;&#10;rtim=0</desyncdata></report>
<report><version>2</version><sessionid>4694047748cde7a95edba6fc</sessionid><type>desync</type><sku>ea.maxis.sims4.13.pc</sku><createtime>2020-06-06 22:26:16</createtime><buildsignature>Local.Unknown.Unknown.1.53.115.1020-1.200.000.400.Release</buildsignature><categoryid>constraints.py:5024</categoryid><desyncid>4694047748cde7a95edba6fc</desyncid><systemconfig/><screenshot/><desyncdata>Exception in Sim Timeline: Exception resuming Element (AttributeError: 'NoneType' object has no attribute 'schedule_destroy_asap')&#13;&#10;Traceback (most recent call last):&#13;&#10;  File "T:\InGame\Gameplay\Scripts\Server\scheduling.py", line 217, in simulate&#13;&#10;  File "T:\InGame\Gameplay\Scripts\Server\elements.py", line 385, in _resume&#13;&#10;  File "T:\InGame\Gameplay\Scripts\Server\sims\sim.py", line 3626, in _process_interaction_gen&#13;&#10;  File "T:\InGame\Gameplay\Scripts\Server\interactions\interaction_queue.py", line 775, in process_one_interaction_gen&#13;&#10;  File "T:\InGame\Gameplay\Scripts\Server\interactions\si_state.py", line 935, in process_gen&#13;&#10;  File "T:\InGame\Gameplay\Scripts\Server\interactions\si_state.py", line 323, in remove_gen&#13;&#10;  File "T:\InGame\Gameplay\Scripts\Server\interactions\si_state.py", line 1134, in _remove_gen&#13;&#10;  File "T:\InGame\Gameplay\Scripts\Server\interactions\base\super_interaction.py", line 4876, in on_removed_from_si_state&#13;&#10;  File "T:\InGame\Gameplay\Scripts\Server\interactions\base\super_interaction.py", line 4888, in _exited_pipeline&#13;&#10;  File "T:\InGame\Gameplay\Scripts\Server\interactions\base\interaction.py", line 6653, in _exited_pipeline&#13;&#10;  File "T:\InGame\Gameplay\Scripts\Server\interactions\base\interaction.py", line 4757, in release_liabilities&#13;&#10;  File "T:\InGame\Gameplay\Scripts\Server\interactions\base\interaction.py", line 4750, in release_liabilities&#13;&#10;  File "T:\InGame\Gameplay\Scripts\Server\interactions\constraints.py", line 5021, in release&#13;&#10;  File "T:\InGame\Gameplay\Scripts\Server\interactions\liability.py", line 127, in release&#13;&#10;  File "T:\InGame\Gameplay\Scripts\Server\interactions\constraints.py", line 5024, in shared_release&#13;&#10;AttributeError: 'NoneType' object has no attribute 'schedule_destroy_asap'&#13;&#10;rtim=0</desyncdata></report>
<report><version>2</version><sessionid>4694047748cde7a95edba6fc</sessionid><type>desync</type><sku>ea.maxis.sims4.13.pc</sku><createtime>2020-06-06 22:30:51</createtime><buildsignature>Local.Unknown.Unknown.1.53.115.1020-1.200.000.400.Release</buildsignature><categoryid>constraints.py:5024</categoryid><desyncid>4694047748cde7a95edba6fc</desyncid><systemconfig/><screenshot/><desyncdata>Liability &lt;interactions.constraints.ObjectJigConstraint.JigConstraintLiability object at 0x565C68D0&gt; threw exception 'NoneType' object has no attribute 'schedule_destroy_asap' (AttributeError: 'NoneType' object has no attribute 'schedule_destroy_asap')&#13;&#10;Traceback (most recent call last):&#13;&#10;  File "T:\InGame\Gameplay\Scripts\Core\sims4\utils.py", line 179, in wrapper&#13;&#10;  File "T:\InGame\Gameplay\Scripts\Server\areaserver.py", line 206, in c_api_server_tick&#13;&#10;  File "T:\InGame\Gameplay\Scripts\Server\zone.py", line 463, in update&#13;&#10;  File "T:\InGame\Gameplay\Scripts\Server\time_service.py", line 112, in update&#13;&#10;  File "T:\InGame\Gameplay\Scripts\Server\scheduling.py", line 217, in simulate&#13;&#10;  File "T:\InGame\Gameplay\Scripts\Server\elements.py", line 385, in _resume&#13;&#10;  File "T:\InGame\Gameplay\Scripts\Server\postures\posture_primitive.py", line 100, in posture_change&#13;&#10;  File "T:\InGame\Gameplay\Scripts\Server\interactions\si_state.py", line 1060, in notify_posture_change_and_remove_incompatible_gen&#13;&#10;  File "T:\InGame\Gameplay\Scripts\Server\interactions\si_state.py", line 935, in process_gen&#13;&#10;  File "T:\InGame\Gameplay\Scripts\Server\interactions\si_state.py", line 323, in remove_gen&#13;&#10;  File "T:\InGame\Gameplay\Scripts\Server\interactions\si_state.py", line 1134, in _remove_gen&#13;&#10;  File "T:\InGame\Gameplay\Scripts\Server\interactions\base\super_interaction.py", line 4876, in on_removed_from_si_state&#13;&#10;  File "T:\InGame\Gameplay\Scripts\Server\interactions\base\super_interaction.py", line 4888, in _exited_pipeline&#13;&#10;  File "T:\InGame\Gameplay\Scripts\Server\interactions\base\interaction.py", line 6653, in _exited_pipeline&#13;&#10;  File "T:\InGame\Gameplay\Scripts\Server\interactions\base\interaction.py", line 4750, in release_liabilities&#13;&#10;  File "T:\InGame\Gameplay\Scripts\Server\interactions\constraints.py", line 5021, in release&#13;&#10;  File "T:\InGame\Gameplay\Scripts\Server\interactions\liability.py", line 127, in release&#13;&#10;  File "T:\InGame\Gameplay\Scripts\Server\interactions\constraints.py", line 5024, in shared_release&#13;&#10;AttributeError: 'NoneType' object has no attribute 'schedule_destroy_asap'&#13;&#10;rtim=0</desyncdata></report>
<report><version>2</version><sessionid>4694047748cde7a95edba6fc</sessionid><type>desync</type><sku>ea.maxis.sims4.13.pc</sku><createtime>2020-06-06 22:30:51</createtime><buildsignature>Local.Unknown.Unknown.1.53.115.1020-1.200.000.400.Release</buildsignature><categoryid>constraints.py:5024</categoryid><desyncid>4694047748cde7a95edba6fc</desyncid><systemconfig/><screenshot/><desyncdata>Exception in Sim Timeline: Exception resuming Element (AttributeError: 'NoneType' object has no attribute 'schedule_destroy_asap')&#13;&#10;Traceback (most recent call last):&#13;&#10;  File "T:\InGame\Gameplay\Scripts\Server\scheduling.py", line 217, in simulate&#13;&#10;  File "T:\InGame\Gameplay\Scripts\Server\elements.py", line 385, in _resume&#13;&#10;  File "T:\InGame\Gameplay\Scripts\Server\postures\posture_primitive.py", line 100, in posture_change&#13;&#10;  File "T:\InGame\Gameplay\Scripts\Server\interactions\si_state.py", line 1060, in notify_posture_change_and_remove_incompatible_gen&#13;&#10;  File "T:\InGame\Gameplay\Scripts\Server\interactions\si_state.py", line 935, in process_gen&#13;&#10;  File "T:\InGame\Gameplay\Scripts\Server\interactions\si_state.py", line 323, in remove_gen&#13;&#10;  File "T:\InGame\Gameplay\Scripts\Server\interactions\si_state.py", line 1134, in _remove_gen&#13;&#10;  File "T:\InGame\Gameplay\Scripts\Server\interactions\base\super_interaction.py", line 4876, in on_removed_from_si_state&#13;&#10;  File "T:\InGame\Gameplay\Scripts\Server\interactions\base\super_interaction.py", line 4888, in _exited_pipeline&#13;&#10;  File "T:\InGame\Gameplay\Scripts\Server\interactions\base\interaction.py", line 6653, in _exited_pipeline&#13;&#10;  File "T:\InGame\Gameplay\Scripts\Server\interactions\base\interaction.py", line 4757, in release_liabilities&#13;&#10;  File "T:\InGame\Gameplay\Scripts\Server\interactions\base\interaction.py", line 4750, in release_liabilities&#13;&#10;  File "T:\InGame\Gameplay\Scripts\Server\interactions\constraints.py", line 5021, in release&#13;&#10;  File "T:\InGame\Gameplay\Scripts\Server\interactions\liability.py", line 127, in release&#13;&#10;  File "T:\InGame\Gameplay\Scripts\Server\interactions\constraints.py", line 5024, in shared_release&#13;&#10;AttributeError: 'NoneType' object has no attribute 'schedule_destroy_asap'&#13;&#10;rtim=0</desyncdata></report>
<report><version>2</version><sessionid>4694047748cde7a95edba6fc</sessionid><type>desync</type><sku>ea.maxis.sims4.13.pc</sku><createtime>2020-06-06 22:30:51</createtime><buildsignature>Local.Unknown.Unknown.1.53.115.1020-1.200.000.400.Release</buildsignature><categoryid>constraints.py:5024</categoryid><desyncid>4694047748cde7a95edba6fc</desyncid><systemconfig/><screenshot/><desyncdata>Liability &lt;interactions.constraints.ObjectJigConstraint.JigConstraintLiability object at 0x6876C750&gt; threw exception 'NoneType' object has no attribute 'schedule_destroy_asap' (AttributeError: 'NoneType' object has no attribute 'schedule_destroy_asap')&#13;&#10;Traceback (most recent call last):&#13;&#10;  File "T:\InGame\Gameplay\Scripts\Core\sims4\utils.py", line 179, in wrapper&#13;&#10;  File "T:\InGame\Gameplay\Scripts\Server\areaserver.py", line 206, in c_api_server_tick&#13;&#10;  File "T:\InGame\Gameplay\Scripts\Server\zone.py", line 463, in update&#13;&#10;  File "T:\InGame\Gameplay\Scripts\Server\time_service.py", line 112, in update&#13;&#10;  File "T:\InGame\Gameplay\Scripts\Server\scheduling.py", line 238, in simulate&#13;&#10;  File "T:\InGame\Gameplay\Scripts\Server\scheduling.py", line 554, in hard_stop&#13;&#10;  File "T:\InGame\Gameplay\Scripts\Server\scheduling.py", line 655, in _stop_element_tree&#13;&#10;  File "T:\InGame\Gameplay\Scripts\Server\postures\posture_primitive.py", line 228, in _hard_stop&#13;&#10;  File "T:\InGame\Gameplay\Scripts\Server\elements.py", line 87, in trigger_hard_stop&#13;&#10;  File "T:\InGame\Gameplay\Scripts\Server\scheduling.py", line 554, in hard_stop&#13;&#10;  File "T:\InGame\Gameplay\Scripts\Server\scheduling.py", line 655, in _stop_element_tree&#13;&#10;  File "T:\InGame\Gameplay\Scripts\Server\reset.py", line 73, in _hard_stop&#13;&#10;  File "T:\InGame\Gameplay\Scripts\Server\objects\game_object.py", line 1468, in on_reset_element_hard_stop&#13;&#10;  File "T:\InGame\Gameplay\Scripts\Server\objects\base_object.py", line 269, in reset&#13;&#10;  File "T:\InGame\Gameplay\Scripts\Server\services\reset_and_delete_service.py", line 301, in trigger_reset&#13;&#10;  File "T:\InGame\Gameplay\Scripts\Server\services\reset_and_delete_service.py", line 419, in start_processing&#13;&#10;  File "T:\InGame\Gameplay\Scripts\Server\services\reset_and_delete_service.py", line 443, in _process&#13;&#10;  File "T:\InGame\Gameplay\Scripts\Server\services\reset_and_delete_service.py", line 553, in _process_one_record&#13;&#10;  File "T:\InGame\Gameplay\Scripts\Server\sims\sim.py", line 1623, in on_reset_internal_state&#13;&#10;  File "T:\InGame\Gameplay\Scripts\Server\interactions\interaction_queue.py", line 1452, in on_reset&#13;&#10;  File "T:\InGame\Gameplay\Scripts\Server\interactions\interaction_queue.py", line 202, in on_reset&#13;&#10;  File "T:\InGame\Gameplay\Scripts\Server\interactions\interaction_queue.py", line 180, in clear_interaction&#13;&#10;  File "T:\InGame\Gameplay\Scripts\Server\interactions\interaction_queue.py", line 295, in _clear_interaction&#13;&#10;  File "T:\InGame\Gameplay\Scripts\Server\interactions\base\interaction.py", line 6596, in on_removed_from_queue&#13;&#10;  File "T:\InGame\Gameplay\Scripts\Server\interactions\base\super_interaction.py", line 4888, in _exited_pipeline&#13;&#10;  File "T:\InGame\Gameplay\Scripts\Server\interactions\base\interaction.py", line 6653, in _exited_pipeline&#13;&#10;  File "T:\InGame\Gameplay\Scripts\Server\scheduling.py", line 217, in simulate&#13;&#10;  File "T:\InGame\Gameplay\Scripts\Server\elements.py", line 385, in _resume&#13;&#10;  File "T:\InGame\Gameplay\Scripts\Server\postures\posture_primitive.py", line 100, in posture_change&#13;&#10;  File "T:\InGame\Gameplay\Scripts\Server\interactions\si_state.py", line 1060, in notify_posture_change_and_remove_incompatible_gen&#13;&#10;  File "T:\InGame\Gameplay\Scripts\Server\interactions\si_state.py", line 935, in process_gen&#13;&#10;  File "T:\InGame\Gameplay\Scripts\Server\interactions\si_state.py", line 323, in remove_gen&#13;&#10;  File "T:\InGame\Gameplay\Scripts\Server\interactions\si_state.py", line 1134, in _remove_gen&#13;&#10;  File "T:\InGame\Gameplay\Scripts\Server\interactions\base\super_interaction.py", line 4876, in on_removed_from_si_state&#13;&#10;  File "T:\InGame\Gameplay\Scripts\Server\interactions\base\super_interaction.py", line 4888, in _exited_pipeline&#13;&#10;  File "T:\InGame\Gameplay\Scripts\Server\interactions\base\interaction.py", line 6653, in _exited_pipeline&#13;&#10;  File "T:\InGame\Gameplay\Scripts\Server\interactions\base\interaction.py", line 4757, in release_liabilities&#13;&#10;  File "T:\InGame\Gameplay\Scripts\Server\interactions\base\interaction.py", line 4750, in release_liabilities&#13;&#10;  File "T:\InGame\Gameplay\Scripts\Server\interactions\constraints.py", line 5021, in release&#13;&#10;  File "T:\InGame\Gameplay\Scripts\Server\interactions\liability.py", line 127, in release&#13;&#10;  File "T:\InGame\Gameplay\Scripts\Server\interactions\constraints.py", line 5024, in shared_release&#13;&#10;AttributeError: 'NoneType' object has no attribute 'schedule_destroy_asap'&#13;&#10;&#13;&#10;During handling of the above exception, another exception occurred:&#13;&#10;&#13;&#10;Traceback (most recent call last):&#13;&#10;  File "T:\InGame\Gameplay\Scripts\Server\interactions\base\interaction.py", line 4750, in release_liabilities&#13;&#10;  File "T:\InGame\Gameplay\Scripts\Server\interactions\constraints.py", line 5021, in release&#13;&#10;  File "T:\InGame\Gameplay\Scripts\Server\interactions\liability.py", line 127, in release&#13;&#10;  File "T:\InGame\Gameplay\Scripts\Server\interactions\constraints.py", line 5024, in shared_release&#13;&#10;AttributeError: 'NoneType' object has no attribute 'schedule_destroy_asap'&#13;&#10;rtim=0</desyncdata></report>
<report><version>2</version><sessionid>4694047748cde7a95edba6fc</sessionid><type>desync</type><sku>ea.maxis.sims4.13.pc</sku><createtime>2020-06-06 22:30:51</createtime><buildsignature>Local.Unknown.Unknown.1.53.115.1020-1.200.000.400.Release</buildsignature><categoryid>constraints.py:5024</categoryid><desyncid>4694047748cde7a95edba6fc</desyncid><systemconfig/><screenshot/><desyncdata>Exception caught while clearing interaction from bucket: (AttributeError: 'NoneType' object has no attribute 'schedule_destroy_asap')&#13;&#10;Traceback (most recent call last):&#13;&#10;  File "T:\InGame\Gameplay\Scripts\Core\sims4\utils.py", line 179, in wrapper&#13;&#10;  File "T:\InGame\Gameplay\Scripts\Server\areaserver.py", line 206, in c_api_server_tick&#13;&#10;  File "T:\InGame\Gameplay\Scripts\Server\zone.py", line 463, in update&#13;&#10;  File "T:\InGame\Gameplay\Scripts\Server\time_service.py", line 112, in update&#13;&#10;  File "T:\InGame\Gameplay\Scripts\Server\scheduling.py", line 238, in simulate&#13;&#10;  File "T:\InGame\Gameplay\Scripts\Server\scheduling.py", line 554, in hard_stop&#13;&#10;  File "T:\InGame\Gameplay\Scripts\Server\scheduling.py", line 655, in _stop_element_tree&#13;&#10;  File "T:\InGame\Gameplay\Scripts\Server\postures\posture_primitive.py", line 228, in _hard_stop&#13;&#10;  File "T:\InGame\Gameplay\Scripts\Server\elements.py", line 87, in trigger_hard_stop&#13;&#10;  File "T:\InGame\Gameplay\Scripts\Server\scheduling.py", line 554, in hard_stop&#13;&#10;  File "T:\InGame\Gameplay\Scripts\Server\scheduling.py", line 655, in _stop_element_tree&#13;&#10;  File "T:\InGame\Gameplay\Scripts\Server\reset.py", line 73, in _hard_stop&#13;&#10;  File "T:\InGame\Gameplay\Scripts\Server\objects\game_object.py", line 1468, in on_reset_element_hard_stop&#13;&#10;  File "T:\InGame\Gameplay\Scripts\Server\objects\base_object.py", line 269, in reset&#13;&#10;  File "T:\InGame\Gameplay\Scripts\Server\services\reset_and_delete_service.py", line 301, in trigger_reset&#13;&#10;  File "T:\InGame\Gameplay\Scripts\Server\services\reset_and_delete_service.py", line 419, in start_processing&#13;&#10;  File "T:\InGame\Gameplay\Scripts\Server\services\reset_and_delete_service.py", line 443, in _process&#13;&#10;  File "T:\InGame\Gameplay\Scripts\Server\services\reset_and_delete_service.py", line 553, in _process_one_record&#13;&#10;  File "T:\InGame\Gameplay\Scripts\Server\sims\sim.py", line 1623, in on_reset_internal_state&#13;&#10;  File "T:\InGame\Gameplay\Scripts\Server\interactions\interaction_queue.py", line 1452, in on_reset&#13;&#10;  File "T:\InGame\Gameplay\Scripts\Server\scheduling.py", line 217, in simulate&#13;&#10;  File "T:\InGame\Gameplay\Scripts\Server\elements.py", line 385, in _resume&#13;&#10;  File "T:\InGame\Gameplay\Scripts\Server\postures\posture_primitive.py", line 100, in posture_change&#13;&#10;  File "T:\InGame\Gameplay\Scripts\Server\interactions\si_state.py", line 1060, in notify_posture_change_and_remove_incompatible_gen&#13;&#10;  File "T:\InGame\Gameplay\Scripts\Server\interactions\si_state.py", line 935, in process_gen&#13;&#10;  File "T:\InGame\Gameplay\Scripts\Server\interactions\si_state.py", line 323, in remove_gen&#13;&#10;  File "T:\InGame\Gameplay\Scripts\Server\interactions\si_state.py", line 1134, in _remove_gen&#13;&#10;  File "T:\InGame\Gameplay\Scripts\Server\interactions\base\super_interaction.py", line 4876, in on_removed_from_si_state&#13;&#10;  File "T:\InGame\Gameplay\Scripts\Server\interactions\base\super_interaction.py", line 4888, in _exited_pipeline&#13;&#10;  File "T:\InGame\Gameplay\Scripts\Server\interactions\base\interaction.py", line 6653, in _exited_pipeline&#13;&#10;  File "T:\InGame\Gameplay\Scripts\Server\interactions\base\interaction.py", line 4757, in release_liabilities&#13;&#10;  File "T:\InGame\Gameplay\Scripts\Server\interactions\base\interaction.py", line 4750, in release_liabilities&#13;&#10;  File "T:\InGame\Gameplay\Scripts\Server\interactions\constraints.py", line 5021, in release&#13;&#10;  File "T:\InGame\Gameplay\Scripts\Server\interactions\liability.py", line 127, in release&#13;&#10;  File "T:\InGame\Gameplay\Scripts\Server\interactions\constraints.py", line 5024, in shared_release&#13;&#10;AttributeError: 'NoneType' object has no attribute 'schedule_destroy_asap'&#13;&#10;&#13;&#10;During handling of the above exception, another exception occurred:&#13;&#10;&#13;&#10;Traceback (most recent call last):&#13;&#10;  File "T:\InGame\Gameplay\Scripts\Server\interactions\interaction_queue.py", line 202, in on_reset&#13;&#10;  File "T:\InGame\Gameplay\Scripts\Server\interactions\interaction_queue.py", line 180, in clear_interaction&#13;&#10;  File "T:\InGame\Gameplay\Scripts\Server\interactions\interaction_queue.py", line 295, in _clear_interaction&#13;&#10;  File "T:\InGame\Gameplay\Scripts\Server\interactions\base\interaction.py", line 6596, in on_removed_from_queue&#13;&#10;  File "T:\InGame\Gameplay\Scripts\Server\interactions\base\super_interaction.py", line 4888, in _exited_pipeline&#13;&#10;  File "T:\InGame\Gameplay\Scripts\Server\interactions\base\interaction.py", line 6653, in _exited_pipeline&#13;&#10;  File "T:\InGame\Gameplay\Scripts\Server\interactions\base\interaction.py", line 4757, in release_liabilities&#13;&#10;  File "T:\InGame\Gameplay\Scripts\Server\interactions\base\interaction.py", line 4750, in release_liabilities&#13;&#10;  File "T:\InGame\Gameplay\Scripts\Server\interactions\constraints.py", line 5021, in release&#13;&#10;  File "T:\InGame\Gameplay\Scripts\Server\interactions\liability.py", line 127, in release&#13;&#10;  File "T:\InGame\Gameplay\Scripts\Server\interactions\constraints.py", line 5024, in shared_release&#13;&#10;AttributeError: 'NoneType' object has no attribute 'schedule_destroy_asap'&#13;&#10;rtim=0</desyncdata></report>
<report><version>2</version><sessionid>4694047748cde7a95edba6fc</sessionid><type>desync</type><sku>ea.maxis.sims4.13.pc</sku><createtime>2020-06-06 22:30:51</createtime><buildsignature>Local.Unknown.Unknown.1.53.115.1020-1.200.000.400.Release</buildsignature><categoryid>constraints.py:5024</categoryid><desyncid>4694047748cde7a95edba6fc</desyncid><systemconfig/><screenshot/><desyncdata>Liability &lt;interactions.constraints.ObjectJigConstraint.JigConstraintLiability object at 0x6CA95BD0&gt; threw exception 'NoneType' object has no attribute 'schedule_destroy_asap' (AttributeError: 'NoneType' object has no attribute 'schedule_destroy_asap')&#13;&#10;Traceback (most recent call last):&#13;&#10;  File "T:\InGame\Gameplay\Scripts\Core\sims4\utils.py", line 179, in wrapper&#13;&#10;  File "T:\InGame\Gameplay\Scripts\Server\areaserver.py", line 206, in c_api_server_tick&#13;&#10;  File "T:\InGame\Gameplay\Scripts\Server\zone.py", line 463, in update&#13;&#10;  File "T:\InGame\Gameplay\Scripts\Server\time_service.py", line 112, in update&#13;&#10;  File "T:\InGame\Gameplay\Scripts\Server\scheduling.py", line 238, in simulate&#13;&#10;  File "T:\InGame\Gameplay\Scripts\Server\scheduling.py", line 554, in hard_stop&#13;&#10;  File "T:\InGame\Gameplay\Scripts\Server\scheduling.py", line 655, in _stop_element_tree&#13;&#10;  File "T:\InGame\Gameplay\Scripts\Server\postures\posture_primitive.py", line 228, in _hard_stop&#13;&#10;  File "T:\InGame\Gameplay\Scripts\Server\elements.py", line 87, in trigger_hard_stop&#13;&#10;  File "T:\InGame\Gameplay\Scripts\Server\scheduling.py", line 554, in hard_stop&#13;&#10;  File "T:\InGame\Gameplay\Scripts\Server\scheduling.py", line 655, in _stop_element_tree&#13;&#10;  File "T:\InGame\Gameplay\Scripts\Server\reset.py", line 73, in _hard_stop&#13;&#10;  File "T:\InGame\Gameplay\Scripts\Server\objects\game_object.py", line 1468, in on_reset_element_hard_stop&#13;&#10;  File "T:\InGame\Gameplay\Scripts\Server\objects\base_object.py", line 269, in reset&#13;&#10;  File "T:\InGame\Gameplay\Scripts\Server\services\reset_and_delete_service.py", line 301, in trigger_reset&#13;&#10;  File "T:\InGame\Gameplay\Scripts\Server\services\reset_and_delete_service.py", line 419, in start_processing&#13;&#10;  File "T:\InGame\Gameplay\Scripts\Server\services\reset_and_delete_service.py", line 443, in _process&#13;&#10;  File "T:\InGame\Gameplay\Scripts\Server\services\reset_and_delete_service.py", line 553, in _process_one_record&#13;&#10;  File "T:\InGame\Gameplay\Scripts\Server\sims\sim.py", line 1623, in on_reset_internal_state&#13;&#10;  File "T:\InGame\Gameplay\Scripts\Server\interactions\interaction_queue.py", line 1452, in on_reset&#13;&#10;  File "T:\InGame\Gameplay\Scripts\Server\interactions\interaction_queue.py", line 202, in on_reset&#13;&#10;  File "T:\InGame\Gameplay\Scripts\Server\interactions\interaction_queue.py", line 180, in clear_interaction&#13;&#10;  File "T:\InGame\Gameplay\Scripts\Server\interactions\interaction_queue.py", line 295, in _clear_interaction&#13;&#10;  File "T:\InGame\Gameplay\Scripts\Server\interactions\base\interaction.py", line 6596, in on_removed_from_queue&#13;&#10;  File "T:\InGame\Gameplay\Scripts\Server\interactions\base\super_interaction.py", line 4888, in _exited_pipeline&#13;&#10;  File "T:\InGame\Gameplay\Scripts\Server\interactions\base\interaction.py", line 6653, in _exited_pipeline&#13;&#10;  File "T:\InGame\Gameplay\Scripts\Server\scheduling.py", line 217, in simulate&#13;&#10;  File "T:\InGame\Gameplay\Scripts\Server\elements.py", line 385, in _resume&#13;&#10;  File "T:\InGame\Gameplay\Scripts\Server\postures\posture_primitive.py", line 100, in posture_change&#13;&#10;  File "T:\InGame\Gameplay\Scripts\Server\interactions\si_state.py", line 1060, in notify_posture_change_and_remove_incompatible_gen&#13;&#10;  File "T:\InGame\Gameplay\Scripts\Server\interactions\si_state.py", line 935, in process_gen&#13;&#10;  File "T:\InGame\Gameplay\Scripts\Server\interactions\si_state.py", line 323, in remove_gen&#13;&#10;  File "T:\InGame\Gameplay\Scripts\Server\interactions\si_state.py", line 1134, in _remove_gen&#13;&#10;  File "T:\InGame\Gameplay\Scripts\Server\interactions\base\super_interaction.py", line 4876, in on_removed_from_si_state&#13;&#10;  File "T:\InGame\Gameplay\Scripts\Server\interactions\base\super_interaction.py", line 4888, in _exited_pipeline&#13;&#10;  File "T:\InGame\Gameplay\Scripts\Server\interactions\base\interaction.py", line 6653, in _exited_pipeline&#13;&#10;  File "T:\InGame\Gameplay\Scripts\Server\interactions\base\interaction.py", line 4757, in release_liabilities&#13;&#10;  File "T:\InGame\Gameplay\Scripts\Server\interactions\base\interaction.py", line 4750, in release_liabilities&#13;&#10;  File "T:\InGame\Gameplay\Scripts\Server\interactions\constraints.py", line 5021, in release&#13;&#10;  File "T:\InGame\Gameplay\Scripts\Server\interactions\liability.py", line 127, in release&#13;&#10;  File "T:\InGame\Gameplay\Scripts\Server\interactions\constraints.py", line 5024, in shared_release&#13;&#10;AttributeError: 'NoneType' object has no attribute 'schedule_destroy_asap'&#13;&#10;&#13;&#10;During handling of the above exception, another exception occurred:&#13;&#10;&#13;&#10;Traceback (most recent call last):&#13;&#10;  File "T:\InGame\Gameplay\Scripts\Server\interactions\base\interaction.py", line 4750, in release_liabilities&#13;&#10;  File "T:\InGame\Gameplay\Scripts\Server\interactions\constraints.py", line 5021, in release&#13;&#10;  File "T:\InGame\Gameplay\Scripts\Server\interactions\liability.py", line 127, in release&#13;&#10;  File "T:\InGame\Gameplay\Scripts\Server\interactions\constraints.py", line 5024, in shared_release&#13;&#10;AttributeError: 'NoneType' object has no attribute 'schedule_destroy_asap'&#13;&#10;rtim=0</desyncdata></report>
<report><version>2</version><sessionid>4694047748cde7a95edba6fc</sessionid><type>desync</type><sku>ea.maxis.sims4.13.pc</sku><createtime>2020-06-06 22:30:51</createtime><buildsignature>Local.Unknown.Unknown.1.53.115.1020-1.200.000.400.Release</buildsignature><categoryid>constraints.py:5024</categoryid><desyncid>4694047748cde7a95edba6fc</desyncid><systemconfig/><screenshot/><desyncdata>Exception caught while clearing interaction from bucket: (AttributeError: 'NoneType' object has no attribute 'schedule_destroy_asap')&#13;&#10;Traceback (most recent call last):&#13;&#10;  File "T:\InGame\Gameplay\Scripts\Core\sims4\utils.py", line 179, in wrapper&#13;&#10;  File "T:\InGame\Gameplay\Scripts\Server\areaserver.py", line 206, in c_api_server_tick&#13;&#10;  File "T:\InGame\Gameplay\Scripts\Server\zone.py", line 463, in update&#13;&#10;  File "T:\InGame\Gameplay\Scripts\Server\time_service.py", line 112, in update&#13;&#10;  File "T:\InGame\Gameplay\Scripts\Server\scheduling.py", line 238, in simulate&#13;&#10;  File "T:\InGame\Gameplay\Scripts\Server\scheduling.py", line 554, in hard_stop&#13;&#10;  File "T:\InGame\Gameplay\Scripts\Server\scheduling.py", line 655, in _stop_element_tree&#13;&#10;  File "T:\InGame\Gameplay\Scripts\Server\postures\posture_primitive.py", line 228, in _hard_stop&#13;&#10;  File "T:\InGame\Gameplay\Scripts\Server\elements.py", line 87, in trigger_hard_stop&#13;&#10;  File "T:\InGame\Gameplay\Scripts\Server\scheduling.py", line 554, in hard_stop&#13;&#10;  File "T:\InGame\Gameplay\Scripts\Server\scheduling.py", line 655, in _stop_element_tree&#13;&#10;  File "T:\InGame\Gameplay\Scripts\Server\reset.py", line 73, in _hard_stop&#13;&#10;  File "T:\InGame\Gameplay\Scripts\Server\objects\game_object.py", line 1468, in on_reset_element_hard_stop&#13;&#10;  File "T:\InGame\Gameplay\Scripts\Server\objects\base_object.py", line 269, in reset&#13;&#10;  File "T:\InGame\Gameplay\Scripts\Server\services\reset_and_delete_service.py", line 301, in trigger_reset&#13;&#10;  File "T:\InGame\Gameplay\Scripts\Server\services\reset_and_delete_service.py", line 419, in start_processing&#13;&#10;  File "T:\InGame\Gameplay\Scripts\Server\services\reset_and_delete_service.py", line 443, in _process&#13;&#10;  File "T:\InGame\Gameplay\Scripts\Server\services\reset_and_delete_service.py", line 553, in _process_one_record&#13;&#10;  File "T:\InGame\Gameplay\Scripts\Server\sims\sim.py", line 1623, in on_reset_internal_state&#13;&#10;  File "T:\InGame\Gameplay\Scripts\Server\interactions\interaction_queue.py", line 1452, in on_reset&#13;&#10;  File "T:\InGame\Gameplay\Scripts\Server\scheduling.py", line 217, in simulate&#13;&#10;  File "T:\InGame\Gameplay\Scripts\Server\elements.py", line 385, in _resume&#13;&#10;  File "T:\InGame\Gameplay\Scripts\Server\postures\posture_primitive.py", line 100, in posture_change&#13;&#10;  File "T:\InGame\Gameplay\Scripts\Server\interactions\si_state.py", line 1060, in notify_posture_change_and_remove_incompatible_gen&#13;&#10;  File "T:\InGame\Gameplay\Scripts\Server\interactions\si_state.py", line 935, in process_gen&#13;&#10;  File "T:\InGame\Gameplay\Scripts\Server\interactions\si_state.py", line 323, in remove_gen&#13;&#10;  File "T:\InGame\Gameplay\Scripts\Server\interactions\si_state.py", line 1134, in _remove_gen&#13;&#10;  File "T:\InGame\Gameplay\Scripts\Server\interactions\base\super_interaction.py", line 4876, in on_removed_from_si_state&#13;&#10;  File "T:\InGame\Gameplay\Scripts\Server\interactions\base\super_interaction.py", line 4888, in _exited_pipeline&#13;&#10;  File "T:\InGame\Gameplay\Scripts\Server\interactions\base\interaction.py", line 6653, in _exited_pipeline&#13;&#10;  File "T:\InGame\Gameplay\Scripts\Server\interactions\base\interaction.py", line 4757, in release_liabilities&#13;&#10;  File "T:\InGame\Gameplay\Scripts\Server\interactions\base\interaction.py", line 4750, in release_liabilities&#13;&#10;  File "T:\InGame\Gameplay\Scripts\Server\interactions\constraints.py", line 5021, in release&#13;&#10;  File "T:\InGame\Gameplay\Scripts\Server\interactions\liability.py", line 127, in release&#13;&#10;  File "T:\InGame\Gameplay\Scripts\Server\interactions\constraints.py", line 5024, in shared_release&#13;&#10;AttributeError: 'NoneType' object has no attribute 'schedule_destroy_asap'&#13;&#10;&#13;&#10;During handling of the above exception, another exception occurred:&#13;&#10;&#13;&#10;Traceback (most recent call last):&#13;&#10;  File "T:\InGame\Gameplay\Scripts\Server\interactions\interaction_queue.py", line 202, in on_reset&#13;&#10;  File "T:\InGame\Gameplay\Scripts\Server\interactions\interaction_queue.py", line 180, in clear_interaction&#13;&#10;  File "T:\InGame\Gameplay\Scripts\Server\interactions\interaction_queue.py", line 295, in _clear_interaction&#13;&#10;  File "T:\InGame\Gameplay\Scripts\Server\interactions\base\interaction.py", line 6596, in on_removed_from_queue&#13;&#10;  File "T:\InGame\Gameplay\Scripts\Server\interactions\base\super_interaction.py", line 4888, in _exited_pipeline&#13;&#10;  File "T:\InGame\Gameplay\Scripts\Server\interactions\base\interaction.py", line 6653, in _exited_pipeline&#13;&#10;  File "T:\InGame\Gameplay\Scripts\Server\interactions\base\interaction.py", line 4757, in release_liabilities&#13;&#10;  File "T:\InGame\Gameplay\Scripts\Server\interactions\base\interaction.py", line 4750, in release_liabilities&#13;&#10;  File "T:\InGame\Gameplay\Scripts\Server\interactions\constraints.py", line 5021, in release&#13;&#10;  File "T:\InGame\Gameplay\Scripts\Server\interactions\liability.py", line 127, in release&#13;&#10;  File "T:\InGame\Gameplay\Scripts\Server\interactions\constraints.py", line 5024, in shared_release&#13;&#10;AttributeError: 'NoneType' object has no attribute 'schedule_destroy_asap'&#13;&#10;rtim=0</desyncdata></report>
<report><version>2</version><sessionid>4694047748cde7a95edba6fc</sessionid><type>desync</type><sku>ea.maxis.sims4.13.pc</sku><createtime>2020-06-06 22:33:21</createtime><buildsignature>Local.Unknown.Unknown.1.53.115.1020-1.200.000.400.Release</buildsignature><categoryid>constraints.py:5024</categoryid><desyncid>4694047748cde7a95edba6fc</desyncid><systemconfig/><screenshot/><desyncdata>Liability &lt;interactions.constraints.ObjectJigConstraint.JigConstraintLiability object at 0x5A1F5BB0&gt; threw exception 'NoneType' object has no attribute 'schedule_destroy_asap' (AttributeError: 'NoneType' object has no attribute 'schedule_destroy_asap')&#13;&#10;Traceback (most recent call last):&#13;&#10;  File "T:\InGame\Gameplay\Scripts\Core\sims4\utils.py", line 179, in wrapper&#13;&#10;  File "T:\InGame\Gameplay\Scripts\Server\areaserver.py", line 206, in c_api_server_tick&#13;&#10;  File "T:\InGame\Gameplay\Scripts\Server\zone.py", line 463, in update&#13;&#10;  File "T:\InGame\Gameplay\Scripts\Server\time_service.py", line 112, in update&#13;&#10;  File "T:\InGame\Gameplay\Scripts\Server\scheduling.py", line 217, in simulate&#13;&#10;  File "T:\InGame\Gameplay\Scripts\Server\elements.py", line 385, in _resume&#13;&#10;  File "T:\InGame\Gameplay\Scripts\Server\postures\posture_primitive.py", line 100, in posture_change&#13;&#10;  File "T:\InGame\Gameplay\Scripts\Server\interactions\si_state.py", line 1060, in notify_posture_change_and_remove_incompatible_gen&#13;&#10;  File "T:\InGame\Gameplay\Scripts\Server\interactions\si_state.py", line 935, in process_gen&#13;&#10;  File "T:\InGame\Gameplay\Scripts\Server\interactions\si_state.py", line 323, in remove_gen&#13;&#10;  File "T:\InGame\Gameplay\Scripts\Server\interactions\si_state.py", line 1134, in _remove_gen&#13;&#10;  File "T:\InGame\Gameplay\Scripts\Server\interactions\base\super_interaction.py", line 4876, in on_removed_from_si_state&#13;&#10;  File "T:\InGame\Gameplay\Scripts\Server\interactions\base\super_interaction.py", line 4888, in _exited_pipeline&#13;&#10;  File "T:\InGame\Gameplay\Scripts\Server\interactions\base\interaction.py", line 6653, in _exited_pipeline&#13;&#10;  File "T:\InGame\Gameplay\Scripts\Server\interactions\base\interaction.py", line 4750, in release_liabilities&#13;&#10;  File "T:\InGame\Gameplay\Scripts\Server\interactions\constraints.py", line 5021, in release&#13;&#10;  File "T:\InGame\Gameplay\Scripts\Server\interactions\liability.py", line 127, in release&#13;&#10;  File "T:\InGame\Gameplay\Scripts\Server\interactions\constraints.py", line 5024, in shared_release&#13;&#10;AttributeError: 'NoneType' object has no attribute 'schedule_destroy_asap'&#13;&#10;rtim=0</desyncdata></report>
<report><version>2</version><sessionid>4694047748cde7a95edba6fc</sessionid><type>desync</type><sku>ea.maxis.sims4.13.pc</sku><createtime>2020-06-06 22:33:21</createtime><buildsignature>Local.Unknown.Unknown.1.53.115.1020-1.200.000.400.Release</buildsignature><categoryid>constraints.py:5024</categoryid><desyncid>4694047748cde7a95edba6fc</desyncid><systemconfig/><screenshot/><desyncdata>Exception in Sim Timeline: Exception resuming Element (AttributeError: 'NoneType' object has no attribute 'schedule_destroy_asap')&#13;&#10;Traceback (most recent call last):&#13;&#10;  File "T:\InGame\Gameplay\Scripts\Server\scheduling.py", line 217, in simulate&#13;&#10;  File "T:\InGame\Gameplay\Scripts\Server\elements.py", line 385, in _resume&#13;&#10;  File "T:\InGame\Gameplay\Scripts\Server\postures\posture_primitive.py", line 100, in posture_change&#13;&#10;  File "T:\InGame\Gameplay\Scripts\Server\interactions\si_state.py", line 1060, in notify_posture_change_and_remove_incompatible_gen&#13;&#10;  File "T:\InGame\Gameplay\Scripts\Server\interactions\si_state.py", line 935, in process_gen&#13;&#10;  File "T:\InGame\Gameplay\Scripts\Server\interactions\si_state.py", line 323, in remove_gen&#13;&#10;  File "T:\InGame\Gameplay\Scripts\Server\interactions\si_state.py", line 1134, in _remove_gen&#13;&#10;  File "T:\InGame\Gameplay\Scripts\Server\interactions\base\super_interaction.py", line 4876, in on_removed_from_si_state&#13;&#10;  File "T:\InGame\Gameplay\Scripts\Server\interactions\base\super_interaction.py", line 4888, in _exited_pipeline&#13;&#10;  File "T:\InGame\Gameplay\Scripts\Server\interactions\base\interaction.py", line 6653, in _exited_pipeline&#13;&#10;  File "T:\InGame\Gameplay\Scripts\Server\interactions\base\interaction.py", line 4757, in release_liabilities&#13;&#10;  File "T:\InGame\Gameplay\Scripts\Server\interactions\base\interaction.py", line 4750, in release_liabilities&#13;&#10;  File "T:\InGame\Gameplay\Scripts\Server\interactions\constraints.py", line 5021, in release&#13;&#10;  File "T:\InGame\Gameplay\Scripts\Server\interactions\liability.py", line 127, in release&#13;&#10;  File "T:\InGame\Gameplay\Scripts\Server\interactions\constraints.py", line 5024, in shared_release&#13;&#10;AttributeError: 'NoneType' object has no attribute 'schedule_destroy_asap'&#13;&#10;rtim=0</desyncdata></report>
</root>